  [1m[35m (0.2ms)[0m  [1m[34mSELECT sqlite_version(*)[0m
  ↳ /home/henrik/.rvm/gems/ruby-2.4.0/bin/rake:23
  [1m[35m (11.8ms)[0m  [1m[35mCREATE TABLE "schema_migrations" ("version" varchar NOT NULL PRIMARY KEY)[0m
  ↳ /home/henrik/.rvm/gems/ruby-2.4.0/bin/rake:23
  [1m[35m (11.0ms)[0m  [1m[35mCREATE TABLE "ar_internal_metadata" ("key" varchar NOT NULL PRIMARY KEY, "value" varchar, "created_at" datetime NOT NULL, "updated_at" datetime NOT NULL)[0m
  ↳ /home/henrik/.rvm/gems/ruby-2.4.0/bin/rake:23
  [1m[35m (0.2ms)[0m  [1m[34mSELECT "schema_migrations"."version" FROM "schema_migrations" ORDER BY "schema_migrations"."version" ASC[0m
  ↳ /home/henrik/.rvm/gems/ruby-2.4.0/bin/rake:23
Migrating to CreateSpecies (20181103004754)
  [1m[35m (0.1ms)[0m  [1m[36mbegin transaction[0m
  ↳ /home/henrik/.rvm/gems/ruby-2.4.0/bin/rake:23
  [1m[35m (0.5ms)[0m  [1m[35mCREATE TABLE "species" ("id" integer PRIMARY KEY AUTOINCREMENT NOT NULL, "name" varchar, "created_at" datetime NOT NULL, "updated_at" datetime NOT NULL)[0m
  ↳ db/migrate/20181103004754_create_species.rb:3
  [1m[36mActiveRecord::SchemaMigration Create (0.2ms)[0m  [1m[32mINSERT INTO "schema_migrations" ("version") VALUES (?)[0m  [["version", "20181103004754"]]
  ↳ /home/henrik/.rvm/gems/ruby-2.4.0/bin/rake:23
  [1m[35m (11.7ms)[0m  [1m[36mcommit transaction[0m
  ↳ /home/henrik/.rvm/gems/ruby-2.4.0/bin/rake:23
Migrating to CreatePets (20181103004814)
  [1m[35m (0.1ms)[0m  [1m[36mbegin transaction[0m
  ↳ /home/henrik/.rvm/gems/ruby-2.4.0/bin/rake:23
  [1m[35m (1.0ms)[0m  [1m[35mCREATE TABLE "pets" ("id" integer PRIMARY KEY AUTOINCREMENT NOT NULL, "species_id" integer, "name" varchar, "created_at" datetime NOT NULL, "updated_at" datetime NOT NULL, CONSTRAINT "fk_rails_d63356c604"
FOREIGN KEY ("species_id")
  REFERENCES "species" ("id")
)[0m
  ↳ db/migrate/20181103004814_create_pets.rb:3
  [1m[35m (0.2ms)[0m  [1m[35mCREATE  INDEX "index_pets_on_species_id" ON "pets" ("species_id")[0m
  ↳ db/migrate/20181103004814_create_pets.rb:3
  [1m[36mActiveRecord::SchemaMigration Create (0.1ms)[0m  [1m[32mINSERT INTO "schema_migrations" ("version") VALUES (?)[0m  [["version", "20181103004814"]]
  ↳ /home/henrik/.rvm/gems/ruby-2.4.0/bin/rake:23
  [1m[35m (7.0ms)[0m  [1m[36mcommit transaction[0m
  ↳ /home/henrik/.rvm/gems/ruby-2.4.0/bin/rake:23
  [1m[36mActiveRecord::InternalMetadata Load (0.3ms)[0m  [1m[34mSELECT  "ar_internal_metadata".* FROM "ar_internal_metadata" WHERE "ar_internal_metadata"."key" = ? LIMIT ?[0m  [["key", "environment"], ["LIMIT", 1]]
  ↳ /home/henrik/.rvm/gems/ruby-2.4.0/bin/rake:23
  [1m[35m (0.1ms)[0m  [1m[36mbegin transaction[0m
  ↳ /home/henrik/.rvm/gems/ruby-2.4.0/bin/rake:23
  [1m[36mActiveRecord::InternalMetadata Create (1.6ms)[0m  [1m[32mINSERT INTO "ar_internal_metadata" ("key", "value", "created_at", "updated_at") VALUES (?, ?, ?, ?)[0m  [["key", "environment"], ["value", "development"], ["created_at", "2018-11-03 00:48:24.760779"], ["updated_at", "2018-11-03 00:48:24.760779"]]
  ↳ /home/henrik/.rvm/gems/ruby-2.4.0/bin/rake:23
  [1m[35m (7.8ms)[0m  [1m[36mcommit transaction[0m
  ↳ /home/henrik/.rvm/gems/ruby-2.4.0/bin/rake:23
  [1m[35m (0.2ms)[0m  [1m[34mSELECT "schema_migrations"."version" FROM "schema_migrations" ORDER BY "schema_migrations"."version" ASC[0m
  ↳ /home/henrik/.rvm/gems/ruby-2.4.0/bin/rake:23
DEPRECATION WARNING: In PetResource you exposed a `has_one` relationship  using the `belongs_to` class method. We think `has_one` is more appropriate. If you know what you're doing, and don't want to see this warning again, override the `belongs_to` class method on your resource. (called from <class:PetResource> at /home/henrik/dev/ruby/petkeeper-server/app/resources/pet_resource.rb:3)
DEPRECATION WARNING: In PetResource you exposed a `has_one` relationship  using the `belongs_to` class method. We think `has_one` is more appropriate. If you know what you're doing, and don't want to see this warning again, override the `belongs_to` class method on your resource. (called from <class:PetResource> at /home/henrik/dev/ruby/petkeeper-server/app/resources/pet_resource.rb:3)
DEPRECATION WARNING: In PetResource you exposed a `has_one` relationship  using the `belongs_to` class method. We think `has_one` is more appropriate. If you know what you're doing, and don't want to see this warning again, override the `belongs_to` class method on your resource. (called from <class:PetResource> at /home/henrik/dev/ruby/petkeeper-server/app/resources/pet_resource.rb:3)
DEPRECATION WARNING: In PetResource you exposed a `has_one` relationship  using the `belongs_to` class method. We think `has_one` is more appropriate. If you know what you're doing, and don't want to see this warning again, override the `belongs_to` class method on your resource. (called from <class:PetResource> at /home/henrik/dev/ruby/petkeeper-server/app/resources/pet_resource.rb:3)
  [1m[35m (0.3ms)[0m  [1m[34mSELECT "schema_migrations"."version" FROM "schema_migrations" ORDER BY "schema_migrations"."version" ASC[0m
  ↳ /home/henrik/.rvm/gems/ruby-2.4.0/bin/rake:23
  [1m[35m (0.1ms)[0m  [1m[36mbegin transaction[0m
  ↳ db/seeds.rb:8
  [1m[36mSpecies Create (1.1ms)[0m  [1m[32mINSERT INTO "species" ("name", "created_at", "updated_at") VALUES (?, ?, ?)[0m  [["name", "Dog"], ["created_at", "2018-11-03 00:56:26.343826"], ["updated_at", "2018-11-03 00:56:26.343826"]]
  ↳ db/seeds.rb:8
  [1m[35m (5.5ms)[0m  [1m[36mcommit transaction[0m
  ↳ db/seeds.rb:8
  [1m[35m (0.1ms)[0m  [1m[36mbegin transaction[0m
  ↳ db/seeds.rb:9
  [1m[36mSpecies Create (0.3ms)[0m  [1m[32mINSERT INTO "species" ("name", "created_at", "updated_at") VALUES (?, ?, ?)[0m  [["name", "Cat"], ["created_at", "2018-11-03 00:56:26.353555"], ["updated_at", "2018-11-03 00:56:26.353555"]]
  ↳ db/seeds.rb:9
  [1m[35m (4.0ms)[0m  [1m[36mcommit transaction[0m
  ↳ db/seeds.rb:9
  [1m[35m (0.1ms)[0m  [1m[36mbegin transaction[0m
  ↳ db/seeds.rb:11
  [1m[36mPet Create (0.3ms)[0m  [1m[32mINSERT INTO "pets" ("species_id", "name", "created_at", "updated_at") VALUES (?, ?, ?, ?)[0m  [["species_id", 1], ["name", "Ruprecht"], ["created_at", "2018-11-03 00:56:26.374755"], ["updated_at", "2018-11-03 00:56:26.374755"]]
  ↳ db/seeds.rb:11
  [1m[35m (9.6ms)[0m  [1m[36mcommit transaction[0m
  ↳ db/seeds.rb:11
  [1m[35m (0.1ms)[0m  [1m[36mbegin transaction[0m
  ↳ db/seeds.rb:12
  [1m[36mPet Create (0.3ms)[0m  [1m[32mINSERT INTO "pets" ("species_id", "name", "created_at", "updated_at") VALUES (?, ?, ?, ?)[0m  [["species_id", 1], ["name", "Lesie"], ["created_at", "2018-11-03 00:56:26.388752"], ["updated_at", "2018-11-03 00:56:26.388752"]]
  ↳ db/seeds.rb:12
  [1m[35m (4.1ms)[0m  [1m[36mcommit transaction[0m
  ↳ db/seeds.rb:12
  [1m[35m (0.1ms)[0m  [1m[36mbegin transaction[0m
  ↳ db/seeds.rb:13
  [1m[36mPet Create (0.4ms)[0m  [1m[32mINSERT INTO "pets" ("species_id", "name", "created_at", "updated_at") VALUES (?, ?, ?, ?)[0m  [["species_id", 2], ["name", "Garfield"], ["created_at", "2018-11-03 00:56:26.397363"], ["updated_at", "2018-11-03 00:56:26.397363"]]
  ↳ db/seeds.rb:13
  [1m[35m (8.5ms)[0m  [1m[36mcommit transaction[0m
  ↳ db/seeds.rb:13
DEPRECATION WARNING: In PetResource you exposed a `has_one` relationship  using the `belongs_to` class method. We think `has_one` is more appropriate. If you know what you're doing, and don't want to see this warning again, override the `belongs_to` class method on your resource. (called from <class:PetResource> at /home/henrik/dev/ruby/petkeeper-server/app/resources/pet_resource.rb:3)
Started GET "/pets" for 127.0.0.1 at 2018-11-03 01:57:19 +0100
  [1m[35m (0.2ms)[0m  [1m[34mSELECT "schema_migrations"."version" FROM "schema_migrations" ORDER BY "schema_migrations"."version" ASC[0m
  ↳ /home/henrik/.rvm/gems/ruby-2.4.0/gems/activerecord-5.2.1/lib/active_record/log_subscriber.rb:98
Processing by PetsController#index as HTML
  [1m[36mPet Load (0.4ms)[0m  [1m[34mSELECT "pets".* FROM "pets" ORDER BY "pets"."id" ASC[0m
  ↳ /home/henrik/.rvm/gems/ruby-2.4.0/gems/activerecord-5.2.1/lib/active_record/log_subscriber.rb:98
  Rendering text template
  Rendered text template (0.0ms)
Completed 200 OK in 37ms (Views: 13.9ms | ActiveRecord: 2.0ms)


